{
  "uid" : "3f721bfec3123ec4",
  "name" : "test_new_article_from_file",
  "fullName" : "test_conduit.test_all_conduit.TestConduit1#test_new_article_from_file",
  "historyId" : "118977acd433c20dfae392836695407f",
  "time" : {
    "start" : 1628449532524,
    "stop" : 1628449586467,
    "duration" : 53943
  },
  "status" : "failed",
  "statusMessage" : "AssertionError: assert 7 == (12 + 6)",
  "statusTrace" : "self = <test_all_conduit.TestConduit1 object at 0x7f74ffacf7f0>\n\n    def test_new_article_from_file(self):\n        conduit_signin(self.driver)\n        time.sleep(2)\n        self.driver.find_element_by_xpath('//*[@class=\"nav navbar-nav pull-xs-right\"]//li[4]/a').click()\n        time.sleep(3)\n        sajat_cikk2 = self.driver.find_elements_by_xpath('//*[@id=\"app\"]//a/h1')\n        cikkek_szama = len(sajat_cikk2)\n        self.driver.implicitly_wait(4)\n        with open('article.csv', 'r', encoding=\"utf-8\") as csv_in:\n            csv_reader = csv.reader(csv_in, delimiter=',')\n            next(csv_reader)\n            for row in csv_reader:\n                sor = [x.strip(' ') for x in row]\n                print(row)\n                self.driver.find_element_by_xpath('//a[@href=\"#/editor\"]').click()\n                time.sleep(3)\n                self.driver.find_element_by_xpath('//input[contains(@placeholder,\"Article Title\")]').send_keys(sor[0])\n                self.driver.find_element_by_xpath('//input[contains(@placeholder,\"about\")]').send_keys(sor[1])\n    \n                self.driver.find_element_by_xpath('//textarea[contains(@placeholder,\"Write your\")]').send_keys(sor[2])\n                self.driver.find_element_by_xpath('//input[contains(@placeholder,\"tags\")]').send_keys(sor[3])\n                self.driver.find_element_by_xpath('//button[contains(text(),\"Publish\")]').click()\n                time.sleep(3)\n        time.sleep(2)\n        self.driver.find_element_by_xpath('//li/a[contains(@href, \"#/@\")]').click()\n        time.sleep(6)\n        cikkek_szama_iras_utan = len(self.driver.find_elements_by_xpath('//*[@id=\"app\"]//a/h1'))\n>       assert cikkek_szama_iras_utan == cikkek_szama + 6\nE       assert 7 == (12 + 6)\n\ntest_conduit/test_all_conduit.py:162: AssertionError",
  "flaky" : false,
  "newFailed" : false,
  "beforeStages" : [ ],
  "testStage" : {
    "status" : "failed",
    "statusMessage" : "AssertionError: assert 7 == (12 + 6)",
    "statusTrace" : "self = <test_all_conduit.TestConduit1 object at 0x7f74ffacf7f0>\n\n    def test_new_article_from_file(self):\n        conduit_signin(self.driver)\n        time.sleep(2)\n        self.driver.find_element_by_xpath('//*[@class=\"nav navbar-nav pull-xs-right\"]//li[4]/a').click()\n        time.sleep(3)\n        sajat_cikk2 = self.driver.find_elements_by_xpath('//*[@id=\"app\"]//a/h1')\n        cikkek_szama = len(sajat_cikk2)\n        self.driver.implicitly_wait(4)\n        with open('article.csv', 'r', encoding=\"utf-8\") as csv_in:\n            csv_reader = csv.reader(csv_in, delimiter=',')\n            next(csv_reader)\n            for row in csv_reader:\n                sor = [x.strip(' ') for x in row]\n                print(row)\n                self.driver.find_element_by_xpath('//a[@href=\"#/editor\"]').click()\n                time.sleep(3)\n                self.driver.find_element_by_xpath('//input[contains(@placeholder,\"Article Title\")]').send_keys(sor[0])\n                self.driver.find_element_by_xpath('//input[contains(@placeholder,\"about\")]').send_keys(sor[1])\n    \n                self.driver.find_element_by_xpath('//textarea[contains(@placeholder,\"Write your\")]').send_keys(sor[2])\n                self.driver.find_element_by_xpath('//input[contains(@placeholder,\"tags\")]').send_keys(sor[3])\n                self.driver.find_element_by_xpath('//button[contains(text(),\"Publish\")]').click()\n                time.sleep(3)\n        time.sleep(2)\n        self.driver.find_element_by_xpath('//li/a[contains(@href, \"#/@\")]').click()\n        time.sleep(6)\n        cikkek_szama_iras_utan = len(self.driver.find_elements_by_xpath('//*[@id=\"app\"]//a/h1'))\n>       assert cikkek_szama_iras_utan == cikkek_szama + 6\nE       assert 7 == (12 + 6)\n\ntest_conduit/test_all_conduit.py:162: AssertionError",
    "steps" : [ ],
    "attachments" : [ {
      "uid" : "593349d62615e72f",
      "name" : "log",
      "source" : "593349d62615e72f.txt",
      "type" : "text/plain",
      "size" : 344
    }, {
      "uid" : "69ad5cf9cf656b7b",
      "name" : "stdout",
      "source" : "69ad5cf9cf656b7b.txt",
      "type" : "text/plain",
      "size" : 720
    }, {
      "uid" : "2cb75253ab6a817",
      "name" : "stderr",
      "source" : "2cb75253ab6a817.txt",
      "type" : "text/plain",
      "size" : 215
    } ],
    "parameters" : [ ],
    "stepsCount" : 0,
    "attachmentsCount" : 3,
    "shouldDisplayMessage" : true,
    "hasContent" : true
  },
  "afterStages" : [ ],
  "labels" : [ {
    "name" : "parentSuite",
    "value" : "test_conduit"
  }, {
    "name" : "suite",
    "value" : "test_all_conduit"
  }, {
    "name" : "subSuite",
    "value" : "TestConduit1"
  }, {
    "name" : "host",
    "value" : "fv-az72-552"
  }, {
    "name" : "thread",
    "value" : "3881-MainThread"
  }, {
    "name" : "framework",
    "value" : "pytest"
  }, {
    "name" : "language",
    "value" : "cpython3"
  }, {
    "name" : "package",
    "value" : "test_conduit.test_all_conduit"
  }, {
    "name" : "resultFormat",
    "value" : "allure2"
  } ],
  "parameters" : [ ],
  "links" : [ ],
  "hidden" : false,
  "retry" : false,
  "extra" : {
    "severity" : "normal",
    "retries" : [ ],
    "categories" : [ {
      "name" : "Product defects",
      "matchedStatuses" : [ ],
      "flaky" : false
    } ],
    "tags" : [ ]
  },
  "source" : "3f721bfec3123ec4.json",
  "parameterValues" : [ ]
}