{
  "uid" : "25d30a87d7c45e4d",
  "name" : "test_list_faved_posts",
  "fullName" : "test_conduit.test_all_conduit.TestConduit1#test_list_faved_posts",
  "historyId" : "ede4d5f6b64765c03a46fe4773e044d1",
  "time" : {
    "start" : 1628678364178,
    "stop" : 1628678392472,
    "duration" : 28294
  },
  "status" : "failed",
  "statusMessage" : "AssertionError: Test Failed: An error occured during liking 1 article.\nassert 1 == 0\n +  where 1 = len([3])",
  "statusTrace" : "self = <test_all_conduit.TestConduit1 object at 0x7fd37e25c700>\n\n    def test_list_faved_posts(self):\n        global failed_ones\n        conduit_signin(self.driver)\n        time.sleep(4)\n        fav_buttons = self.driver.find_elements_by_xpath('//div[@class=\"article-preview\"]//button/i')\n        counter = 0\n        faved = 0\n        # az első 10 blogposzt likeolása ellenőrzéssel\n        for fav in fav_buttons[0:10]:\n            fav.click()\n            time.sleep(1)\n            number_of_likes = self.driver.find_elements_by_xpath('//div[@class=\"article-preview\"]//button/span')[\n                counter]\n            if int(number_of_likes.text) > 0:\n                faved += 1\n            else:\n                # ha a klikkelés ellenére a likeok száma nulla marad az adott blogpsztnál:\n                allure.attach(self.driver.get_screenshot_as_png(), name=\"Passwordfailure\",attachment_type=AttachmentType.PNG)\n                failed_ones = []\n                failed_ones.append(counter)\n                for i in failed_ones:\n                    failed_title = self.driver.find_elements_by_xpath('//a/h1')[i].text\n                    print(\n                        f'Failure: an error occured during the like process of Article{i + 1}, which is called {failed_title}')\n            counter += 1\n        time.sleep(6)\n        # a kedvencnek jelölt blogposztok számának ellenőrzése a Kedvencek aloldalon\n        self.driver.find_element_by_xpath('//nav/div/ul/li/a[starts-with(@href, \"#/@\")]').click()\n        time.sleep(2)\n        self.driver.find_element_by_xpath('//a[contains(text(), \"Favorited\")]').click()\n        time.sleep(3)\n        faved_links = self.driver.find_elements_by_xpath('//a/h1')\n        # ellenőrizzük, hogy minden olyan bejegyzés, amelynél növekedett a likeok száma megjelent-e a Favorites aloldalon\n        assert len(faved_links) == faved\n        # ellenőrizzük, hogy nincs olyan bejegyzés, ahol nullán maradt a like számláló\n>       assert len(failed_ones) == 0, f\"Test Failed: An error occured during liking {len(failed_ones)} article.\"\nE       AssertionError: Test Failed: An error occured during liking 1 article.\nE       assert 1 == 0\nE        +  where 1 = len([3])\n\ntest_conduit/test_all_conduit.py:320: AssertionError",
  "flaky" : false,
  "newFailed" : false,
  "beforeStages" : [ ],
  "testStage" : {
    "status" : "failed",
    "statusMessage" : "AssertionError: Test Failed: An error occured during liking 1 article.\nassert 1 == 0\n +  where 1 = len([3])",
    "statusTrace" : "self = <test_all_conduit.TestConduit1 object at 0x7fd37e25c700>\n\n    def test_list_faved_posts(self):\n        global failed_ones\n        conduit_signin(self.driver)\n        time.sleep(4)\n        fav_buttons = self.driver.find_elements_by_xpath('//div[@class=\"article-preview\"]//button/i')\n        counter = 0\n        faved = 0\n        # az első 10 blogposzt likeolása ellenőrzéssel\n        for fav in fav_buttons[0:10]:\n            fav.click()\n            time.sleep(1)\n            number_of_likes = self.driver.find_elements_by_xpath('//div[@class=\"article-preview\"]//button/span')[\n                counter]\n            if int(number_of_likes.text) > 0:\n                faved += 1\n            else:\n                # ha a klikkelés ellenére a likeok száma nulla marad az adott blogpsztnál:\n                allure.attach(self.driver.get_screenshot_as_png(), name=\"Passwordfailure\",attachment_type=AttachmentType.PNG)\n                failed_ones = []\n                failed_ones.append(counter)\n                for i in failed_ones:\n                    failed_title = self.driver.find_elements_by_xpath('//a/h1')[i].text\n                    print(\n                        f'Failure: an error occured during the like process of Article{i + 1}, which is called {failed_title}')\n            counter += 1\n        time.sleep(6)\n        # a kedvencnek jelölt blogposztok számának ellenőrzése a Kedvencek aloldalon\n        self.driver.find_element_by_xpath('//nav/div/ul/li/a[starts-with(@href, \"#/@\")]').click()\n        time.sleep(2)\n        self.driver.find_element_by_xpath('//a[contains(text(), \"Favorited\")]').click()\n        time.sleep(3)\n        faved_links = self.driver.find_elements_by_xpath('//a/h1')\n        # ellenőrizzük, hogy minden olyan bejegyzés, amelynél növekedett a likeok száma megjelent-e a Favorites aloldalon\n        assert len(faved_links) == faved\n        # ellenőrizzük, hogy nincs olyan bejegyzés, ahol nullán maradt a like számláló\n>       assert len(failed_ones) == 0, f\"Test Failed: An error occured during liking {len(failed_ones)} article.\"\nE       AssertionError: Test Failed: An error occured during liking 1 article.\nE       assert 1 == 0\nE        +  where 1 = len([3])\n\ntest_conduit/test_all_conduit.py:320: AssertionError",
    "steps" : [ ],
    "attachments" : [ {
      "uid" : "360e38c5582f850d",
      "name" : "Passwordfailure",
      "source" : "360e38c5582f850d.png",
      "type" : "image/png",
      "size" : 42831
    }, {
      "uid" : "8b234c7fd778f8a",
      "name" : "log",
      "source" : "8b234c7fd778f8a.txt",
      "type" : "text/plain",
      "size" : 344
    }, {
      "uid" : "b47fc9797d35fc6e",
      "name" : "stdout",
      "source" : "b47fc9797d35fc6e.txt",
      "type" : "text/plain",
      "size" : 95
    }, {
      "uid" : "16f6c435946b79d",
      "name" : "stderr",
      "source" : "16f6c435946b79d.txt",
      "type" : "text/plain",
      "size" : 215
    } ],
    "parameters" : [ ],
    "stepsCount" : 0,
    "attachmentsCount" : 4,
    "shouldDisplayMessage" : true,
    "hasContent" : true
  },
  "afterStages" : [ ],
  "labels" : [ {
    "name" : "parentSuite",
    "value" : "test_conduit"
  }, {
    "name" : "suite",
    "value" : "test_all_conduit"
  }, {
    "name" : "subSuite",
    "value" : "TestConduit1"
  }, {
    "name" : "host",
    "value" : "fv-az82-15"
  }, {
    "name" : "thread",
    "value" : "3805-MainThread"
  }, {
    "name" : "framework",
    "value" : "pytest"
  }, {
    "name" : "language",
    "value" : "cpython3"
  }, {
    "name" : "package",
    "value" : "test_conduit.test_all_conduit"
  }, {
    "name" : "resultFormat",
    "value" : "allure2"
  } ],
  "parameters" : [ ],
  "links" : [ ],
  "hidden" : false,
  "retry" : false,
  "extra" : {
    "severity" : "normal",
    "retries" : [ ],
    "categories" : [ {
      "name" : "Product defects",
      "matchedStatuses" : [ ],
      "flaky" : false
    } ],
    "tags" : [ ]
  },
  "source" : "25d30a87d7c45e4d.json",
  "parameterValues" : [ ]
}